Running auto-py-to-exe v2.22.0
Building directory: C:\Users\Andreas\AppData\Local\Temp\tmp5i4e3ci8
Provided command: pyinstaller --noconfirm --onefile --windowed --icon "C:/Users/Andreas/Documents/GitHub/Soundmixer-Box/images/Soundmixer-Box-icon.ico" --add-data "C:/Users/Andreas/Documents/GitHub/Soundmixer-Box/config.ini;." --add-data "C:/Users/Andreas/Documents/GitHub/Soundmixer-Box/images;images/"  "C:/Users/Andreas/Documents/GitHub/Soundmixer-Box/volumeregulator.py"
Recursion Limit is set to 5000
Executing: pyinstaller --noconfirm --onefile --windowed --icon C:/Users/Andreas/Documents/GitHub/Soundmixer-Box/images/Soundmixer-Box-icon.ico --add-data C:/Users/Andreas/Documents/GitHub/Soundmixer-Box/config.ini;. --add-data C:/Users/Andreas/Documents/GitHub/Soundmixer-Box/images;images/ C:/Users/Andreas/Documents/GitHub/Soundmixer-Box/volumeregulator.py --distpath C:\Users\Andreas\AppData\Local\Temp\tmp5i4e3ci8\application --workpath C:\Users\Andreas\AppData\Local\Temp\tmp5i4e3ci8\build --specpath C:\Users\Andreas\AppData\Local\Temp\tmp5i4e3ci8

450143 INFO: PyInstaller: 5.3
450147 INFO: Python: 3.9.2
450149 INFO: Platform: Windows-10-10.0.19041-SP0
450163 INFO: wrote C:\Users\Andreas\AppData\Local\Temp\tmp5i4e3ci8\volumeregulator.spec
450168 INFO: UPX is not available.
450172 INFO: Extending PYTHONPATH with paths
['C:\\Users\\Andreas\\Documents\\GitHub\\Soundmixer-Box']
451299 INFO: checking Analysis
451318 INFO: Building Analysis because Analysis-01.toc is non existent
451320 INFO: Reusing cached module dependency graph...
451390 INFO: Caching module graph hooks...
451736 INFO: running Analysis Analysis-01.toc
451754 INFO: Adding Microsoft.Windows.Common-Controls to dependent assemblies of final executable
  required by C:\Users\Andreas\AppData\Local\Programs\Python\Python39\python.exe
452052 INFO: Analyzing C:\Users\Andreas\Documents\GitHub\Soundmixer-Box\volumeregulator.py
459902 INFO: Processing pre-find module path hook site from 'C:\\Users\\Andreas\\AppData\\Local\\Programs\\Python\\Python39\\lib\\site-packages\\PyInstaller\\hooks\\pre_find_module_path\\hook-site.py'.
459914 INFO: site: retargeting to fake-dir 'C:\\Users\\Andreas\\AppData\\Local\\Programs\\Python\\Python39\\lib\\site-packages\\PyInstaller\\fake-modules'
467121 INFO: Processing pre-safe import module hook six.moves from 'C:\\Users\\Andreas\\AppData\\Local\\Programs\\Python\\Python39\\lib\\site-packages\\PyInstaller\\hooks\\pre_safe_import_module\\hook-six.moves.py'.
480932 INFO: Processing pre-safe import module hook urllib3.packages.six.moves from 'C:\\Users\\Andreas\\AppData\\Local\\Programs\\Python\\Python39\\lib\\site-packages\\PyInstaller\\hooks\\pre_safe_import_module\\hook-urllib3.packages.six.moves.py'.
486103 INFO: Processing pre-safe import module hook gi from 'C:\\Users\\Andreas\\AppData\\Local\\Programs\\Python\\Python39\\lib\\site-packages\\PyInstaller\\hooks\\pre_safe_import_module\\hook-gi.py'.
491222 INFO: Processing module hooks...
491225 INFO: Loading module hook 'hook-certifi.py' from 'C:\\Users\\Andreas\\AppData\\Local\\Programs\\Python\\Python39\\lib\\site-packages\\_pyinstaller_hooks_contrib\\hooks\\stdhooks'...
491241 INFO: Loading module hook 'hook-eel.py' from 'C:\\Users\\Andreas\\AppData\\Local\\Programs\\Python\\Python39\\lib\\site-packages\\_pyinstaller_hooks_contrib\\hooks\\stdhooks'...
491592 INFO: Loading module hook 'hook-IPython.py' from 'C:\\Users\\Andreas\\AppData\\Local\\Programs\\Python\\Python39\\lib\\site-packages\\_pyinstaller_hooks_contrib\\hooks\\stdhooks'...
493208 INFO: Loading module hook 'hook-jedi.py' from 'C:\\Users\\Andreas\\AppData\\Local\\Programs\\Python\\Python39\\lib\\site-packages\\_pyinstaller_hooks_contrib\\hooks\\stdhooks'...
495412 INFO: Loading module hook 'hook-jinja2.py' from 'C:\\Users\\Andreas\\AppData\\Local\\Programs\\Python\\Python39\\lib\\site-packages\\_pyinstaller_hooks_contrib\\hooks\\stdhooks'...
495418 INFO: Loading module hook 'hook-jsonschema.py' from 'C:\\Users\\Andreas\\AppData\\Local\\Programs\\Python\\Python39\\lib\\site-packages\\_pyinstaller_hooks_contrib\\hooks\\stdhooks'...
495456 INFO: Loading module hook 'hook-nbformat.py' from 'C:\\Users\\Andreas\\AppData\\Local\\Programs\\Python\\Python39\\lib\\site-packages\\_pyinstaller_hooks_contrib\\hooks\\stdhooks'...
495568 INFO: Loading module hook 'hook-parso.py' from 'C:\\Users\\Andreas\\AppData\\Local\\Programs\\Python\\Python39\\lib\\site-packages\\_pyinstaller_hooks_contrib\\hooks\\stdhooks'...
495609 INFO: Loading module hook 'hook-platformdirs.py' from 'C:\\Users\\Andreas\\AppData\\Local\\Programs\\Python\\Python39\\lib\\site-packages\\_pyinstaller_hooks_contrib\\hooks\\stdhooks'...
495618 INFO: Loading module hook 'hook-pycparser.py' from 'C:\\Users\\Andreas\\AppData\\Local\\Programs\\Python\\Python39\\lib\\site-packages\\_pyinstaller_hooks_contrib\\hooks\\stdhooks'...
495622 INFO: Loading module hook 'hook-pystray.py' from 'C:\\Users\\Andreas\\AppData\\Local\\Programs\\Python\\Python39\\lib\\site-packages\\_pyinstaller_hooks_contrib\\hooks\\stdhooks'...
496307 INFO: Loading module hook 'hook-zmq.py' from 'C:\\Users\\Andreas\\AppData\\Local\\Programs\\Python\\Python39\\lib\\site-packages\\_pyinstaller_hooks_contrib\\hooks\\stdhooks'...
497414 INFO: Loading module hook 'hook-difflib.py' from 'C:\\Users\\Andreas\\AppData\\Local\\Programs\\Python\\Python39\\lib\\site-packages\\PyInstaller\\hooks'...
497432 INFO: Loading module hook 'hook-distutils.py' from 'C:\\Users\\Andreas\\AppData\\Local\\Programs\\Python\\Python39\\lib\\site-packages\\PyInstaller\\hooks'...
497436 INFO: Loading module hook 'hook-distutils.util.py' from 'C:\\Users\\Andreas\\AppData\\Local\\Programs\\Python\\Python39\\lib\\site-packages\\PyInstaller\\hooks'...
497444 INFO: Loading module hook 'hook-encodings.py' from 'C:\\Users\\Andreas\\AppData\\Local\\Programs\\Python\\Python39\\lib\\site-packages\\PyInstaller\\hooks'...
498138 INFO: Loading module hook 'hook-gevent.py' from 'C:\\Users\\Andreas\\AppData\\Local\\Programs\\Python\\Python39\\lib\\site-packages\\PyInstaller\\hooks'...
499328 WARNING: Unable to find package for requirement zope.event from package gevent.
499333 WARNING: Unable to find package for requirement zope.interface from package gevent.
499338 INFO: Packages required by gevent:
['setuptools', 'cffi', 'greenlet']
500752 INFO: Loading module hook 'hook-heapq.py' from 'C:\\Users\\Andreas\\AppData\\Local\\Programs\\Python\\Python39\\lib\\site-packages\\PyInstaller\\hooks'...
500760 INFO: Loading module hook 'hook-importlib_metadata.py' from 'C:\\Users\\Andreas\\AppData\\Local\\Programs\\Python\\Python39\\lib\\site-packages\\PyInstaller\\hooks'...
500777 INFO: Loading module hook 'hook-lib2to3.py' from 'C:\\Users\\Andreas\\AppData\\Local\\Programs\\Python\\Python39\\lib\\site-packages\\PyInstaller\\hooks'...
500870 INFO: Loading module hook 'hook-matplotlib.backends.py' from 'C:\\Users\\Andreas\\AppData\\Local\\Programs\\Python\\Python39\\lib\\site-packages\\PyInstaller\\hooks'...
500874 INFO: Matplotlib backend selection method: automatic discovery of used backends
501295 INFO: Trying determine the default backend as first importable candidate from the list: ['Qt5Agg', 'Gtk3Agg', 'TkAgg', 'WxAgg']
501856 INFO: Selected matplotlib backends: ['Qt5Agg']
502029 INFO: Loading module hook 'hook-matplotlib.py' from 'C:\\Users\\Andreas\\AppData\\Local\\Programs\\Python\\Python39\\lib\\site-packages\\PyInstaller\\hooks'...
502467 INFO: Loading module hook 'hook-multiprocessing.util.py' from 'C:\\Users\\Andreas\\AppData\\Local\\Programs\\Python\\Python39\\lib\\site-packages\\PyInstaller\\hooks'...
502476 INFO: Loading module hook 'hook-numpy.py' from 'C:\\Users\\Andreas\\AppData\\Local\\Programs\\Python\\Python39\\lib\\site-packages\\PyInstaller\\hooks'...
502570 INFO: Import to be excluded not found: 'f2py'
502608 INFO: Loading module hook 'hook-numpy._pytesttester.py' from 'C:\\Users\\Andreas\\AppData\\Local\\Programs\\Python\\Python39\\lib\\site-packages\\PyInstaller\\hooks'...
502618 INFO: Loading module hook 'hook-pickle.py' from 'C:\\Users\\Andreas\\AppData\\Local\\Programs\\Python\\Python39\\lib\\site-packages\\PyInstaller\\hooks'...
502641 INFO: Loading module hook 'hook-PIL.Image.py' from 'C:\\Users\\Andreas\\AppData\\Local\\Programs\\Python\\Python39\\lib\\site-packages\\PyInstaller\\hooks'...
503552 INFO: Loading module hook 'hook-PIL.ImageFilter.py' from 'C:\\Users\\Andreas\\AppData\\Local\\Programs\\Python\\Python39\\lib\\site-packages\\PyInstaller\\hooks'...
503573 INFO: Loading module hook 'hook-PIL.py' from 'C:\\Users\\Andreas\\AppData\\Local\\Programs\\Python\\Python39\\lib\\site-packages\\PyInstaller\\hooks'...
503602 INFO: Loading module hook 'hook-PIL.SpiderImagePlugin.py' from 'C:\\Users\\Andreas\\AppData\\Local\\Programs\\Python\\Python39\\lib\\site-packages\\PyInstaller\\hooks'...
503616 INFO: Loading module hook 'hook-pkg_resources.py' from 'C:\\Users\\Andreas\\AppData\\Local\\Programs\\Python\\Python39\\lib\\site-packages\\PyInstaller\\hooks'...
505707 INFO: Processing pre-safe import module hook win32com from 'C:\\Users\\Andreas\\AppData\\Local\\Programs\\Python\\Python39\\lib\\site-packages\\_pyinstaller_hooks_contrib\\hooks\\pre_safe_import_module\\hook-win32com.py'.
506577 INFO: Loading module hook 'hook-platform.py' from 'C:\\Users\\Andreas\\AppData\\Local\\Programs\\Python\\Python39\\lib\\site-packages\\PyInstaller\\hooks'...
506587 INFO: Loading module hook 'hook-pygments.py' from 'C:\\Users\\Andreas\\AppData\\Local\\Programs\\Python\\Python39\\lib\\site-packages\\PyInstaller\\hooks'...
510765 INFO: Loading module hook 'hook-PyQt5.py' from 'C:\\Users\\Andreas\\AppData\\Local\\Programs\\Python\\Python39\\lib\\site-packages\\PyInstaller\\hooks'...
510784 INFO: Loading module hook 'hook-PyQt5.QtCore.py' from 'C:\\Users\\Andreas\\AppData\\Local\\Programs\\Python\\Python39\\lib\\site-packages\\PyInstaller\\hooks'...
510983 INFO: Loading module hook 'hook-PyQt5.QtGui.py' from 'C:\\Users\\Andreas\\AppData\\Local\\Programs\\Python\\Python39\\lib\\site-packages\\PyInstaller\\hooks'...
511459 INFO: Loading module hook 'hook-PyQt5.QtSvg.py' from 'C:\\Users\\Andreas\\AppData\\Local\\Programs\\Python\\Python39\\lib\\site-packages\\PyInstaller\\hooks'...
512264 INFO: Loading module hook 'hook-PyQt5.QtWidgets.py' from 'C:\\Users\\Andreas\\AppData\\Local\\Programs\\Python\\Python39\\lib\\site-packages\\PyInstaller\\hooks'...
512781 INFO: Loading module hook 'hook-scipy.py' from 'C:\\Users\\Andreas\\AppData\\Local\\Programs\\Python\\Python39\\lib\\site-packages\\PyInstaller\\hooks'...
512793 INFO: Loading module hook 'hook-setuptools.py' from 'C:\\Users\\Andreas\\AppData\\Local\\Programs\\Python\\Python39\\lib\\site-packages\\PyInstaller\\hooks'...
514780 INFO: Loading module hook 'hook-sqlite3.py' from 'C:\\Users\\Andreas\\AppData\\Local\\Programs\\Python\\Python39\\lib\\site-packages\\PyInstaller\\hooks'...
515467 INFO: Loading module hook 'hook-sysconfig.py' from 'C:\\Users\\Andreas\\AppData\\Local\\Programs\\Python\\Python39\\lib\\site-packages\\PyInstaller\\hooks'...
515481 INFO: Loading module hook 'hook-wcwidth.py' from 'C:\\Users\\Andreas\\AppData\\Local\\Programs\\Python\\Python39\\lib\\site-packages\\PyInstaller\\hooks'...
515499 INFO: Loading module hook 'hook-win32ctypes.core.py' from 'C:\\Users\\Andreas\\AppData\\Local\\Programs\\Python\\Python39\\lib\\site-packages\\PyInstaller\\hooks'...
516457 INFO: Loading module hook 'hook-xml.dom.domreg.py' from 'C:\\Users\\Andreas\\AppData\\Local\\Programs\\Python\\Python39\\lib\\site-packages\\PyInstaller\\hooks'...
516463 INFO: Loading module hook 'hook-xml.etree.cElementTree.py' from 'C:\\Users\\Andreas\\AppData\\Local\\Programs\\Python\\Python39\\lib\\site-packages\\PyInstaller\\hooks'...
516468 INFO: Loading module hook 'hook-xml.py' from 'C:\\Users\\Andreas\\AppData\\Local\\Programs\\Python\\Python39\\lib\\site-packages\\PyInstaller\\hooks'...
516481 INFO: Loading module hook 'hook-zope.interface.py' from 'C:\\Users\\Andreas\\AppData\\Local\\Programs\\Python\\Python39\\lib\\site-packages\\PyInstaller\\hooks'...
516491 INFO: Loading module hook 'hook-_tkinter.py' from 'C:\\Users\\Andreas\\AppData\\Local\\Programs\\Python\\Python39\\lib\\site-packages\\PyInstaller\\hooks'...
516690 INFO: checking Tree
516707 INFO: Building Tree because Tree-03.toc is non existent
516712 INFO: Building Tree Tree-03.toc
516845 INFO: checking Tree
516851 INFO: Building Tree because Tree-04.toc is non existent
516856 INFO: Building Tree Tree-04.toc
516971 INFO: checking Tree
516976 INFO: Building Tree because Tree-05.toc is non existent
516981 INFO: Building Tree Tree-05.toc
516998 INFO: Loading module hook 'hook-pythoncom.py' from 'C:\\Users\\Andreas\\AppData\\Local\\Programs\\Python\\Python39\\lib\\site-packages\\_pyinstaller_hooks_contrib\\hooks\\stdhooks'...
517671 INFO: Loading module hook 'hook-pywintypes.py' from 'C:\\Users\\Andreas\\AppData\\Local\\Programs\\Python\\Python39\\lib\\site-packages\\_pyinstaller_hooks_contrib\\hooks\\stdhooks'...
518336 INFO: Loading module hook 'hook-win32com.py' from 'C:\\Users\\Andreas\\AppData\\Local\\Programs\\Python\\Python39\\lib\\site-packages\\_pyinstaller_hooks_contrib\\hooks\\stdhooks'...
519166 INFO: Loading module hook 'hook-packaging.py' from 'C:\\Users\\Andreas\\AppData\\Local\\Programs\\Python\\Python39\\lib\\site-packages\\PyInstaller\\hooks'...
519183 INFO: Loading module hook 'hook-setuptools.msvc.py' from 'C:\\Users\\Andreas\\AppData\\Local\\Programs\\Python\\Python39\\lib\\site-packages\\PyInstaller\\hooks'...
519247 INFO: Looking for ctypes DLLs
519592 INFO: Analyzing run-time hooks ...
519609 INFO: Including run-time hook 'C:\\Users\\Andreas\\AppData\\Local\\Programs\\Python\\Python39\\lib\\site-packages\\PyInstaller\\hooks\\rthooks\\pyi_rth_subprocess.py'
519616 INFO: Including run-time hook 'C:\\Users\\Andreas\\AppData\\Local\\Programs\\Python\\Python39\\lib\\site-packages\\PyInstaller\\hooks\\rthooks\\pyi_rth_pkgutil.py'
519637 INFO: Including run-time hook 'C:\\Users\\Andreas\\AppData\\Local\\Programs\\Python\\Python39\\lib\\site-packages\\PyInstaller\\hooks\\rthooks\\pyi_rth_inspect.py'
519650 INFO: Including run-time hook 'C:\\Users\\Andreas\\AppData\\Local\\Programs\\Python\\Python39\\lib\\site-packages\\PyInstaller\\hooks\\rthooks\\pyi_rth_multiprocessing.py'
519667 INFO: Including run-time hook 'C:\\Users\\Andreas\\AppData\\Local\\Programs\\Python\\Python39\\lib\\site-packages\\PyInstaller\\hooks\\rthooks\\pyi_rth_pkgres.py'
519683 INFO: Including run-time hook 'C:\\Users\\Andreas\\AppData\\Local\\Programs\\Python\\Python39\\lib\\site-packages\\PyInstaller\\hooks\\rthooks\\pyi_rth_win32api.py'
519690 INFO: Including run-time hook 'C:\\Users\\Andreas\\AppData\\Local\\Programs\\Python\\Python39\\lib\\site-packages\\PyInstaller\\hooks\\rthooks\\pyi_rth_win32comgenpy.py'
519726 INFO: Looking for dynamic libraries
521592 INFO: Looking for eggs
521613 INFO: Using Python library C:\Users\Andreas\AppData\Local\Programs\Python\Python39\python39.dll
521628 INFO: Found binding redirects: 
[]
521645 INFO: Warnings written to C:\Users\Andreas\AppData\Local\Temp\tmp5i4e3ci8\build\volumeregulator\warn-volumeregulator.txt
521816 INFO: Graph cross-reference written to C:\Users\Andreas\AppData\Local\Temp\tmp5i4e3ci8\build\volumeregulator\xref-volumeregulator.html
521864 INFO: Appending 'datas' from .spec
521887 INFO: checking PYZ
521894 INFO: Building PYZ because PYZ-01.toc is non existent
521900 INFO: Building PYZ (ZlibArchive) C:\Users\Andreas\AppData\Local\Temp\tmp5i4e3ci8\build\volumeregulator\PYZ-01.pyz
523489 INFO: Building PYZ (ZlibArchive) C:\Users\Andreas\AppData\Local\Temp\tmp5i4e3ci8\build\volumeregulator\PYZ-01.pyz completed successfully.
523531 INFO: checking PKG
523537 INFO: Building PKG because PKG-01.toc is non existent
523549 INFO: Building PKG (CArchive) volumeregulator.pkg
532595 INFO: Building PKG (CArchive) volumeregulator.pkg completed successfully.
532608 INFO: Bootloader C:\Users\Andreas\AppData\Local\Programs\Python\Python39\lib\site-packages\PyInstaller\bootloader\Windows-64bit\runw.exe
532615 INFO: checking EXE
532621 INFO: Building EXE because EXE-01.toc is non existent
532641 INFO: Building EXE from EXE-01.toc
532647 INFO: Copying bootloader EXE to C:\Users\Andreas\AppData\Local\Temp\tmp5i4e3ci8\application\volumeregulator.exe.notanexecutable
532677 INFO: Copying icon to EXE
532701 INFO: Copying icons from ['C:\\Users\\Andreas\\Documents\\GitHub\\Soundmixer-Box\\images\\Soundmixer-Box-icon.ico']
532716 INFO: Writing RT_GROUP_ICON 0 resource with 20 bytes
532731 INFO: Writing RT_ICON 1 resource with 7257 bytes
532740 INFO: Copying 0 resources to EXE
532748 INFO: Embedding manifest in EXE
532755 INFO: Updating manifest in C:\Users\Andreas\AppData\Local\Temp\tmp5i4e3ci8\application\volumeregulator.exe.notanexecutable
532777 INFO: Updating resource type 24 name 1 language 0
532795 INFO: Appending PKG archive to EXE
532835 INFO: Fixing EXE headers
533076 INFO: Building EXE from EXE-01.toc completed successfully.

Moving project to: C:\Users\Andreas\Documents\GitHub\Soundmixer-Box\output
Complete.
